2013/12/04 16:00:09 [error] [php] Trying to get property of non-object (/var/www/DTR/protected/views/layouts/main.php:8)
Stack trace:
#0 /var/www/yii/framework/web/widgets/CContentDecorator.php(76): SiteController->renderFile()
#1 /var/www/yii/framework/web/widgets/CContentDecorator.php(54): CContentDecorator->decorate()
#2 /var/www/yii/framework/web/widgets/COutputProcessor.php(44): CContentDecorator->processOutput()
#3 /var/www/yii/framework/web/CBaseController.php(206): CContentDecorator->run()
#4 /var/www/yii/framework/web/CBaseController.php(300): SiteController->endWidget()
#5 /var/www/DTR/protected/views/layouts/column1.php(6): SiteController->endContent()
#6 /var/www/yii/framework/web/CBaseController.php(126): require()
#7 /var/www/yii/framework/web/CBaseController.php(95): SiteController->renderInternal()
#8 /var/www/yii/framework/web/CController.php(784): SiteController->renderFile()
#9 /var/www/DTR/protected/controllers/SiteController.php(32): SiteController->render()
#10 /var/www/yii/framework/web/actions/CInlineAction.php(49): SiteController->actionIndex()
#11 /var/www/yii/framework/web/CController.php(308): CInlineAction->runWithParams()
#12 /var/www/yii/framework/web/CController.php(286): SiteController->runAction()
#13 /var/www/yii/framework/web/CController.php(265): SiteController->runActionWithFilters()
#14 /var/www/yii/framework/web/CWebApplication.php(282): SiteController->run()
#15 /var/www/yii/framework/web/CWebApplication.php(141): CWebApplication->runController()
#16 /var/www/yii/framework/base/CApplication.php(169): CWebApplication->processRequest()
#17 /var/www/DTR/index.php(13): CWebApplication->run()
REQUEST_URI=/DTR/index.php?r=site/index
in /var/www/DTR/protected/views/layouts/main.php (8)
in /var/www/DTR/protected/views/layouts/column1.php (6)
in /var/www/DTR/protected/controllers/SiteController.php (32)
2013/12/04 16:00:43 [error] [exception.CHttpException.404] exception 'CHttpException' with message 'Unable to resolve the request "user/login".' in /var/www/yii/framework/web/CWebApplication.php:286
Stack trace:
#0 /var/www/yii/framework/web/CWebApplication.php(141): CWebApplication->runController('user/login')
#1 /var/www/yii/framework/base/CApplication.php(169): CWebApplication->processRequest()
#2 /var/www/DTR/index.php(13): CApplication->run()
#3 {main}
REQUEST_URI=/DTR/index.php?r=user/login
HTTP_REFERER=http://localhost/DTR/index.php?r=site/index
---
2013/12/04 16:01:09 [error] [exception.CHttpException.404] exception 'CHttpException' with message 'Unable to resolve the request "user/login".' in /var/www/yii/framework/web/CWebApplication.php:286
Stack trace:
#0 /var/www/yii/framework/web/CWebApplication.php(141): CWebApplication->runController('user/login')
#1 /var/www/yii/framework/base/CApplication.php(169): CWebApplication->processRequest()
#2 /var/www/DTR/index.php(13): CApplication->run()
#3 {main}
REQUEST_URI=/DTR/index.php?r=user/login
HTTP_REFERER=http://localhost/DTR/index.php?r=site/index
---
2013/12/04 16:01:22 [error] [php] include(User.php): failed to open stream: No such file or directory (/var/www/yii/framework/YiiBase.php:421)
Stack trace:
#0 /var/www/DTR/protected/views/layouts/main.php(12): spl_autoload_call()
#1 /var/www/yii/framework/web/CBaseController.php(126): require()
#2 /var/www/yii/framework/web/CBaseController.php(95): SiteController->renderInternal()
#3 /var/www/yii/framework/web/widgets/CContentDecorator.php(76): SiteController->renderFile()
#4 /var/www/yii/framework/web/widgets/CContentDecorator.php(54): CContentDecorator->decorate()
#5 /var/www/yii/framework/web/widgets/COutputProcessor.php(44): CContentDecorator->processOutput()
#6 /var/www/yii/framework/web/CBaseController.php(206): CContentDecorator->run()
#7 /var/www/yii/framework/web/CBaseController.php(300): SiteController->endWidget()
#8 /var/www/DTR/protected/views/layouts/column1.php(6): SiteController->endContent()
#9 /var/www/yii/framework/web/CBaseController.php(126): require()
#10 /var/www/yii/framework/web/CBaseController.php(95): SiteController->renderInternal()
#11 /var/www/yii/framework/web/CController.php(784): SiteController->renderFile()
#12 /var/www/DTR/protected/controllers/SiteController.php(32): SiteController->render()
#13 /var/www/yii/framework/web/actions/CInlineAction.php(49): SiteController->actionIndex()
#14 /var/www/yii/framework/web/CController.php(308): CInlineAction->runWithParams()
#15 /var/www/yii/framework/web/CController.php(286): SiteController->runAction()
#16 /var/www/yii/framework/web/CController.php(265): SiteController->runActionWithFilters()
#17 /var/www/yii/framework/web/CWebApplication.php(282): SiteController->run()
#18 /var/www/yii/framework/web/CWebApplication.php(141): CWebApplication->runController()
#19 /var/www/yii/framework/base/CApplication.php(169): CWebApplication->processRequest()
#20 /var/www/DTR/index.php(13): CWebApplication->run()
REQUEST_URI=/DTR/index.php
in /var/www/DTR/protected/views/layouts/main.php (12)
in /var/www/DTR/protected/views/layouts/column1.php (6)
in /var/www/DTR/protected/controllers/SiteController.php (32)
2013/12/04 16:10:44 [error] [php] include(User.php): failed to open stream: No such file or directory (/var/www/yii/framework/YiiBase.php:421)
Stack trace:
#0 /var/www/DTR/protected/views/layouts/main.php(12): spl_autoload_call()
#1 /var/www/yii/framework/web/CBaseController.php(126): require()
#2 /var/www/yii/framework/web/CBaseController.php(95): SiteController->renderInternal()
#3 /var/www/yii/framework/web/widgets/CContentDecorator.php(76): SiteController->renderFile()
#4 /var/www/yii/framework/web/widgets/CContentDecorator.php(54): CContentDecorator->decorate()
#5 /var/www/yii/framework/web/widgets/COutputProcessor.php(44): CContentDecorator->processOutput()
#6 /var/www/yii/framework/web/CBaseController.php(206): CContentDecorator->run()
#7 /var/www/yii/framework/web/CBaseController.php(300): SiteController->endWidget()
#8 /var/www/DTR/protected/views/layouts/column1.php(6): SiteController->endContent()
#9 /var/www/yii/framework/web/CBaseController.php(126): require()
#10 /var/www/yii/framework/web/CBaseController.php(95): SiteController->renderInternal()
#11 /var/www/yii/framework/web/CController.php(784): SiteController->renderFile()
#12 /var/www/DTR/protected/controllers/SiteController.php(32): SiteController->render()
#13 /var/www/yii/framework/web/actions/CInlineAction.php(49): SiteController->actionIndex()
#14 /var/www/yii/framework/web/CController.php(308): CInlineAction->runWithParams()
#15 /var/www/yii/framework/web/CController.php(286): SiteController->runAction()
#16 /var/www/yii/framework/web/CController.php(265): SiteController->runActionWithFilters()
#17 /var/www/yii/framework/web/CWebApplication.php(282): SiteController->run()
#18 /var/www/yii/framework/web/CWebApplication.php(141): CWebApplication->runController()
#19 /var/www/yii/framework/base/CApplication.php(169): CWebApplication->processRequest()
#20 /var/www/DTR/index.php(13): CWebApplication->run()
REQUEST_URI=/DTR/index.php
in /var/www/DTR/protected/views/layouts/main.php (12)
in /var/www/DTR/protected/views/layouts/column1.php (6)
in /var/www/DTR/protected/controllers/SiteController.php (32)
2013/12/04 16:10:46 [error] [php] include(User.php): failed to open stream: No such file or directory (/var/www/yii/framework/YiiBase.php:421)
Stack trace:
#0 /var/www/DTR/protected/views/layouts/main.php(12): spl_autoload_call()
#1 /var/www/yii/framework/web/CBaseController.php(126): require()
#2 /var/www/yii/framework/web/CBaseController.php(95): SiteController->renderInternal()
#3 /var/www/yii/framework/web/widgets/CContentDecorator.php(76): SiteController->renderFile()
#4 /var/www/yii/framework/web/widgets/CContentDecorator.php(54): CContentDecorator->decorate()
#5 /var/www/yii/framework/web/widgets/COutputProcessor.php(44): CContentDecorator->processOutput()
#6 /var/www/yii/framework/web/CBaseController.php(206): CContentDecorator->run()
#7 /var/www/yii/framework/web/CBaseController.php(300): SiteController->endWidget()
#8 /var/www/DTR/protected/views/layouts/column1.php(6): SiteController->endContent()
#9 /var/www/yii/framework/web/CBaseController.php(126): require()
#10 /var/www/yii/framework/web/CBaseController.php(95): SiteController->renderInternal()
#11 /var/www/yii/framework/web/CController.php(784): SiteController->renderFile()
#12 /var/www/DTR/protected/controllers/SiteController.php(98): SiteController->render()
#13 /var/www/yii/framework/web/actions/CInlineAction.php(49): SiteController->actionLogin()
#14 /var/www/yii/framework/web/CController.php(308): CInlineAction->runWithParams()
#15 /var/www/yii/framework/web/CController.php(286): SiteController->runAction()
#16 /var/www/yii/framework/web/CController.php(265): SiteController->runActionWithFilters()
#17 /var/www/yii/framework/web/CWebApplication.php(282): SiteController->run()
#18 /var/www/yii/framework/web/CWebApplication.php(141): CWebApplication->runController()
#19 /var/www/yii/framework/base/CApplication.php(169): CWebApplication->processRequest()
#20 /var/www/DTR/index.php(13): CWebApplication->run()
REQUEST_URI=/DTR/index.php?r=site/login
in /var/www/DTR/protected/views/layouts/main.php (12)
in /var/www/DTR/protected/views/layouts/column1.php (6)
in /var/www/DTR/protected/controllers/SiteController.php (98)
2013/12/04 16:10:47 [error] [php] include(User.php): failed to open stream: No such file or directory (/var/www/yii/framework/YiiBase.php:421)
Stack trace:
#0 /var/www/DTR/protected/views/layouts/main.php(12): spl_autoload_call()
#1 /var/www/yii/framework/web/CBaseController.php(126): require()
#2 /var/www/yii/framework/web/CBaseController.php(95): SiteController->renderInternal()
#3 /var/www/yii/framework/web/widgets/CContentDecorator.php(76): SiteController->renderFile()
#4 /var/www/yii/framework/web/widgets/CContentDecorator.php(54): CContentDecorator->decorate()
#5 /var/www/yii/framework/web/widgets/COutputProcessor.php(44): CContentDecorator->processOutput()
#6 /var/www/yii/framework/web/CBaseController.php(206): CContentDecorator->run()
#7 /var/www/yii/framework/web/CBaseController.php(300): SiteController->endWidget()
#8 /var/www/DTR/protected/views/layouts/column1.php(6): SiteController->endContent()
#9 /var/www/yii/framework/web/CBaseController.php(126): require()
#10 /var/www/yii/framework/web/CBaseController.php(95): SiteController->renderInternal()
#11 /var/www/yii/framework/web/CController.php(784): SiteController->renderFile()
#12 /var/www/DTR/protected/controllers/SiteController.php(32): SiteController->render()
#13 /var/www/yii/framework/web/actions/CInlineAction.php(49): SiteController->actionIndex()
#14 /var/www/yii/framework/web/CController.php(308): CInlineAction->runWithParams()
#15 /var/www/yii/framework/web/CController.php(286): SiteController->runAction()
#16 /var/www/yii/framework/web/CController.php(265): SiteController->runActionWithFilters()
#17 /var/www/yii/framework/web/CWebApplication.php(282): SiteController->run()
#18 /var/www/yii/framework/web/CWebApplication.php(141): CWebApplication->runController()
#19 /var/www/yii/framework/base/CApplication.php(169): CWebApplication->processRequest()
#20 /var/www/DTR/index.php(13): CWebApplication->run()
REQUEST_URI=/DTR/index.php
in /var/www/DTR/protected/views/layouts/main.php (12)
in /var/www/DTR/protected/views/layouts/column1.php (6)
in /var/www/DTR/protected/controllers/SiteController.php (32)
2013/12/04 16:10:49 [error] [php] include(User.php): failed to open stream: No such file or directory (/var/www/yii/framework/YiiBase.php:421)
Stack trace:
#0 /var/www/DTR/protected/views/layouts/main.php(12): spl_autoload_call()
#1 /var/www/yii/framework/web/CBaseController.php(126): require()
#2 /var/www/yii/framework/web/CBaseController.php(95): SiteController->renderInternal()
#3 /var/www/yii/framework/web/widgets/CContentDecorator.php(76): SiteController->renderFile()
#4 /var/www/yii/framework/web/widgets/CContentDecorator.php(54): CContentDecorator->decorate()
#5 /var/www/yii/framework/web/widgets/COutputProcessor.php(44): CContentDecorator->processOutput()
#6 /var/www/yii/framework/web/CBaseController.php(206): CContentDecorator->run()
#7 /var/www/yii/framework/web/CBaseController.php(300): SiteController->endWidget()
#8 /var/www/DTR/protected/views/layouts/column1.php(6): SiteController->endContent()
#9 /var/www/yii/framework/web/CBaseController.php(126): require()
#10 /var/www/yii/framework/web/CBaseController.php(95): SiteController->renderInternal()
#11 /var/www/yii/framework/web/CController.php(784): SiteController->renderFile()
#12 /var/www/DTR/protected/controllers/SiteController.php(32): SiteController->render()
#13 /var/www/yii/framework/web/actions/CInlineAction.php(49): SiteController->actionIndex()
#14 /var/www/yii/framework/web/CController.php(308): CInlineAction->runWithParams()
#15 /var/www/yii/framework/web/CController.php(286): SiteController->runAction()
#16 /var/www/yii/framework/web/CController.php(265): SiteController->runActionWithFilters()
#17 /var/www/yii/framework/web/CWebApplication.php(282): SiteController->run()
#18 /var/www/yii/framework/web/CWebApplication.php(141): CWebApplication->runController()
#19 /var/www/yii/framework/base/CApplication.php(169): CWebApplication->processRequest()
#20 /var/www/DTR/index.php(13): CWebApplication->run()
REQUEST_URI=/DTR/
in /var/www/DTR/protected/views/layouts/main.php (12)
in /var/www/DTR/protected/views/layouts/column1.php (6)
in /var/www/DTR/protected/controllers/SiteController.php (32)
2013/12/04 16:11:52 [error] [php] Undefined variable: name (/var/www/DTR/protected/views/layouts/main.php:41)
Stack trace:
#0 /var/www/yii/framework/web/widgets/CContentDecorator.php(76): SiteController->renderFile()
#1 /var/www/yii/framework/web/widgets/CContentDecorator.php(54): CContentDecorator->decorate()
#2 /var/www/yii/framework/web/widgets/COutputProcessor.php(44): CContentDecorator->processOutput()
#3 /var/www/yii/framework/web/CBaseController.php(206): CContentDecorator->run()
#4 /var/www/yii/framework/web/CBaseController.php(300): SiteController->endWidget()
#5 /var/www/DTR/protected/views/layouts/column1.php(6): SiteController->endContent()
#6 /var/www/yii/framework/web/CBaseController.php(126): require()
#7 /var/www/yii/framework/web/CBaseController.php(95): SiteController->renderInternal()
#8 /var/www/yii/framework/web/CController.php(784): SiteController->renderFile()
#9 /var/www/DTR/protected/controllers/SiteController.php(32): SiteController->render()
#10 /var/www/yii/framework/web/actions/CInlineAction.php(49): SiteController->actionIndex()
#11 /var/www/yii/framework/web/CController.php(308): CInlineAction->runWithParams()
#12 /var/www/yii/framework/web/CController.php(286): SiteController->runAction()
#13 /var/www/yii/framework/web/CController.php(265): SiteController->runActionWithFilters()
#14 /var/www/yii/framework/web/CWebApplication.php(282): SiteController->run()
#15 /var/www/yii/framework/web/CWebApplication.php(141): CWebApplication->runController()
#16 /var/www/yii/framework/base/CApplication.php(169): CWebApplication->processRequest()
#17 /var/www/DTR/index.php(13): CWebApplication->run()
REQUEST_URI=/DTR/
in /var/www/DTR/protected/views/layouts/main.php (41)
in /var/www/DTR/protected/views/layouts/column1.php (6)
in /var/www/DTR/protected/controllers/SiteController.php (32)
2013/12/04 16:11:53 [error] [php] Undefined variable: name (/var/www/DTR/protected/views/layouts/main.php:41)
Stack trace:
#0 /var/www/yii/framework/web/widgets/CContentDecorator.php(76): SiteController->renderFile()
#1 /var/www/yii/framework/web/widgets/CContentDecorator.php(54): CContentDecorator->decorate()
#2 /var/www/yii/framework/web/widgets/COutputProcessor.php(44): CContentDecorator->processOutput()
#3 /var/www/yii/framework/web/CBaseController.php(206): CContentDecorator->run()
#4 /var/www/yii/framework/web/CBaseController.php(300): SiteController->endWidget()
#5 /var/www/DTR/protected/views/layouts/column1.php(6): SiteController->endContent()
#6 /var/www/yii/framework/web/CBaseController.php(126): require()
#7 /var/www/yii/framework/web/CBaseController.php(95): SiteController->renderInternal()
#8 /var/www/yii/framework/web/CController.php(784): SiteController->renderFile()
#9 /var/www/DTR/protected/controllers/SiteController.php(32): SiteController->render()
#10 /var/www/yii/framework/web/actions/CInlineAction.php(49): SiteController->actionIndex()
#11 /var/www/yii/framework/web/CController.php(308): CInlineAction->runWithParams()
#12 /var/www/yii/framework/web/CController.php(286): SiteController->runAction()
#13 /var/www/yii/framework/web/CController.php(265): SiteController->runActionWithFilters()
#14 /var/www/yii/framework/web/CWebApplication.php(282): SiteController->run()
#15 /var/www/yii/framework/web/CWebApplication.php(141): CWebApplication->runController()
#16 /var/www/yii/framework/base/CApplication.php(169): CWebApplication->processRequest()
#17 /var/www/DTR/index.php(13): CWebApplication->run()
REQUEST_URI=/DTR/
in /var/www/DTR/protected/views/layouts/main.php (41)
in /var/www/DTR/protected/views/layouts/column1.php (6)
in /var/www/DTR/protected/controllers/SiteController.php (32)
2013/12/04 16:11:53 [error] [php] Undefined variable: name (/var/www/DTR/protected/views/layouts/main.php:41)
Stack trace:
#0 /var/www/yii/framework/web/widgets/CContentDecorator.php(76): SiteController->renderFile()
#1 /var/www/yii/framework/web/widgets/CContentDecorator.php(54): CContentDecorator->decorate()
#2 /var/www/yii/framework/web/widgets/COutputProcessor.php(44): CContentDecorator->processOutput()
#3 /var/www/yii/framework/web/CBaseController.php(206): CContentDecorator->run()
#4 /var/www/yii/framework/web/CBaseController.php(300): SiteController->endWidget()
#5 /var/www/DTR/protected/views/layouts/column1.php(6): SiteController->endContent()
#6 /var/www/yii/framework/web/CBaseController.php(126): require()
#7 /var/www/yii/framework/web/CBaseController.php(95): SiteController->renderInternal()
#8 /var/www/yii/framework/web/CController.php(784): SiteController->renderFile()
#9 /var/www/DTR/protected/controllers/SiteController.php(32): SiteController->render()
#10 /var/www/yii/framework/web/actions/CInlineAction.php(49): SiteController->actionIndex()
#11 /var/www/yii/framework/web/CController.php(308): CInlineAction->runWithParams()
#12 /var/www/yii/framework/web/CController.php(286): SiteController->runAction()
#13 /var/www/yii/framework/web/CController.php(265): SiteController->runActionWithFilters()
#14 /var/www/yii/framework/web/CWebApplication.php(282): SiteController->run()
#15 /var/www/yii/framework/web/CWebApplication.php(141): CWebApplication->runController()
#16 /var/www/yii/framework/base/CApplication.php(169): CWebApplication->processRequest()
#17 /var/www/DTR/index.php(13): CWebApplication->run()
REQUEST_URI=/DTR/
in /var/www/DTR/protected/views/layouts/main.php (41)
in /var/www/DTR/protected/views/layouts/column1.php (6)
in /var/www/DTR/protected/controllers/SiteController.php (32)
2013/12/04 16:11:53 [error] [php] Undefined variable: name (/var/www/DTR/protected/views/layouts/main.php:41)
Stack trace:
#0 /var/www/yii/framework/web/widgets/CContentDecorator.php(76): SiteController->renderFile()
#1 /var/www/yii/framework/web/widgets/CContentDecorator.php(54): CContentDecorator->decorate()
#2 /var/www/yii/framework/web/widgets/COutputProcessor.php(44): CContentDecorator->processOutput()
#3 /var/www/yii/framework/web/CBaseController.php(206): CContentDecorator->run()
#4 /var/www/yii/framework/web/CBaseController.php(300): SiteController->endWidget()
#5 /var/www/DTR/protected/views/layouts/column1.php(6): SiteController->endContent()
#6 /var/www/yii/framework/web/CBaseController.php(126): require()
#7 /var/www/yii/framework/web/CBaseController.php(95): SiteController->renderInternal()
#8 /var/www/yii/framework/web/CController.php(784): SiteController->renderFile()
#9 /var/www/DTR/protected/controllers/SiteController.php(32): SiteController->render()
#10 /var/www/yii/framework/web/actions/CInlineAction.php(49): SiteController->actionIndex()
#11 /var/www/yii/framework/web/CController.php(308): CInlineAction->runWithParams()
#12 /var/www/yii/framework/web/CController.php(286): SiteController->runAction()
#13 /var/www/yii/framework/web/CController.php(265): SiteController->runActionWithFilters()
#14 /var/www/yii/framework/web/CWebApplication.php(282): SiteController->run()
#15 /var/www/yii/framework/web/CWebApplication.php(141): CWebApplication->runController()
#16 /var/www/yii/framework/base/CApplication.php(169): CWebApplication->processRequest()
#17 /var/www/DTR/index.php(13): CWebApplication->run()
REQUEST_URI=/DTR/
in /var/www/DTR/protected/views/layouts/main.php (41)
in /var/www/DTR/protected/views/layouts/column1.php (6)
in /var/www/DTR/protected/controllers/SiteController.php (32)
2013/12/04 16:27:27 [error] [php] Undefined variable: name (/var/www/DTR/protected/views/layouts/main.php:41)
Stack trace:
#0 /var/www/yii/framework/web/widgets/CContentDecorator.php(76): SiteController->renderFile()
#1 /var/www/yii/framework/web/widgets/CContentDecorator.php(54): CContentDecorator->decorate()
#2 /var/www/yii/framework/web/widgets/COutputProcessor.php(44): CContentDecorator->processOutput()
#3 /var/www/yii/framework/web/CBaseController.php(206): CContentDecorator->run()
#4 /var/www/yii/framework/web/CBaseController.php(300): SiteController->endWidget()
#5 /var/www/DTR/protected/views/layouts/column1.php(6): SiteController->endContent()
#6 /var/www/yii/framework/web/CBaseController.php(126): require()
#7 /var/www/yii/framework/web/CBaseController.php(95): SiteController->renderInternal()
#8 /var/www/yii/framework/web/CController.php(784): SiteController->renderFile()
#9 /var/www/DTR/protected/controllers/SiteController.php(32): SiteController->render()
#10 /var/www/yii/framework/web/actions/CInlineAction.php(49): SiteController->actionIndex()
#11 /var/www/yii/framework/web/CController.php(308): CInlineAction->runWithParams()
#12 /var/www/yii/framework/web/CController.php(286): SiteController->runAction()
#13 /var/www/yii/framework/web/CController.php(265): SiteController->runActionWithFilters()
#14 /var/www/yii/framework/web/CWebApplication.php(282): SiteController->run()
#15 /var/www/yii/framework/web/CWebApplication.php(141): CWebApplication->runController()
#16 /var/www/yii/framework/base/CApplication.php(169): CWebApplication->processRequest()
#17 /var/www/DTR/index.php(13): CWebApplication->run()
REQUEST_URI=/DTR/index.php
in /var/www/DTR/protected/views/layouts/main.php (41)
in /var/www/DTR/protected/views/layouts/column1.php (6)
in /var/www/DTR/protected/controllers/SiteController.php (32)
2013/12/04 16:43:54 [error] [exception.CDbException] exception 'CDbException' with message 'CDbConnection failed to open the DB connection: could not find driver' in /var/www/yii/framework/db/CDbConnection.php:381
Stack trace:
#0 /var/www/yii/framework/db/CDbConnection.php(330): CDbConnection->open()
#1 /var/www/yii/framework/db/CDbConnection.php(308): CDbConnection->setActive(true)
#2 /var/www/yii/framework/base/CModule.php(387): CDbConnection->init()
#3 /var/www/yii/framework/web/auth/CDbAuthManager.php(589): CModule->getComponent('db')
#4 /var/www/yii/framework/web/auth/CDbAuthManager.php(59): CDbAuthManager->getDbConnection()
#5 /var/www/yii/framework/base/CModule.php(387): CDbAuthManager->init()
#6 /var/www/yii/framework/base/CModule.php(103): CModule->getComponent('authManager')
#7 /var/www/DTR/protected/modules/rights/RightsModule.php(129): CModule->__get('authManager')
#8 /var/www/yii/framework/base/CModule.php(90): RightsModule->init()
#9 /var/www/yii/framework/YiiBase.php(206): CModule->__construct('rights', NULL, Array)
#10 /var/www/yii/framework/base/CModule.php(282): YiiBase::createComponent('rights.RightsMo...', 'rights', NULL, Array)
#11 /var/www/yii/framework/web/CWebApplication.php(337): CModule->getModule('rights')
#12 /var/www/yii/framework/web/CWebApplication.php(276): CWebApplication->createController('rights/install')
#13 /var/www/yii/framework/web/CWebApplication.php(141): CWebApplication->runController('rights/install')
#14 /var/www/yii/framework/base/CApplication.php(169): CWebApplication->processRequest()
#15 /var/www/DTR/index.php(13): CApplication->run()
#16 {main}
REQUEST_URI=/DTR/index.php?r=rights/install
---
2013/12/04 16:45:33 [error] [system.db.CDbCommand] CDbCommand::fetchColumn() failed: SQLSTATE[42S02]: Base table or view not found: 1146 Table 'DTR.AuthItem' doesn't exist. The SQL statement executed was: SELECT COUNT(*) FROM AuthItem.
in /var/www/DTR/protected/modules/rights/components/RInstaller.php (180)
in /var/www/DTR/protected/modules/rights/controllers/InstallController.php (43)
in /var/www/DTR/index.php (13)
2013/12/04 16:45:38 [error] [system.db.CDbCommand] CDbCommand::fetchColumn() failed: SQLSTATE[42S02]: Base table or view not found: 1146 Table 'DTR.AuthItem' doesn't exist. The SQL statement executed was: SELECT COUNT(*) FROM AuthItem.
in /var/www/DTR/protected/modules/rights/components/RInstaller.php (180)
in /var/www/DTR/protected/modules/rights/controllers/InstallController.php (43)
in /var/www/DTR/index.php (13)
2013/12/04 16:45:43 [error] [system.db.CDbCommand] CDbCommand::fetchAll() failed: SQLSTATE[42S02]: Base table or view not found: 1146 Table 'DTR.users' doesn't exist. The SQL statement executed was: SHOW FULL COLUMNS FROM `users`.
in /var/www/DTR/protected/modules/user/models/User.php (33)
in /var/www/DTR/protected/modules/user/components/UserIdentity.php (27)
in /var/www/DTR/protected/modules/user/models/UserLogin.php (52)
2013/12/04 16:45:43 [error] [exception.CDbException] exception 'CDbException' with message 'The table "users" for active record class "User" cannot be found in the database.' in /var/www/yii/framework/db/ar/CActiveRecord.php:2310
Stack trace:
#0 /var/www/yii/framework/db/ar/CActiveRecord.php(387): CActiveRecordMetaData->__construct(Object(User))
#1 /var/www/DTR/protected/modules/user/models/User.php(33): CActiveRecord::model('User')
#2 /var/www/DTR/protected/modules/user/components/UserIdentity.php(27): User::model()
#3 /var/www/DTR/protected/modules/user/models/UserLogin.php(52): UserIdentity->authenticate()
#4 /var/www/yii/framework/validators/CInlineValidator.php(42): UserLogin->authenticate('password', Array)
#5 /var/www/yii/framework/validators/CValidator.php(213): CInlineValidator->validateAttribute(Object(UserLogin), 'password')
#6 /var/www/yii/framework/base/CModel.php(159): CValidator->validate(Object(UserLogin), NULL)
#7 /var/www/DTR/protected/modules/user/controllers/LoginController.php(19): CModel->validate()
#8 /var/www/yii/framework/web/actions/CInlineAction.php(49): LoginController->actionLogin()
#9 /var/www/yii/framework/web/CController.php(308): CInlineAction->runWithParams(Array)
#10 /var/www/yii/framework/web/CController.php(286): CController->runAction(Object(CInlineAction))
#11 /var/www/yii/framework/web/CController.php(265): CController->runActionWithFilters(Object(CInlineAction), Array)
#12 /var/www/yii/framework/web/CWebApplication.php(282): CController->run('')
#13 /var/www/yii/framework/web/CWebApplication.php(141): CWebApplication->runController('user/login')
#14 /var/www/yii/framework/base/CApplication.php(169): CWebApplication->processRequest()
#15 /var/www/DTR/index.php(13): CApplication->run()
#16 {main}
REQUEST_URI=/DTR/index.php?r=user/login
HTTP_REFERER=http://localhost/DTR/index.php?r=user/login
---
2013/12/04 16:48:02 [error] [system.db.CDbCommand] CDbCommand::fetchColumn() failed: SQLSTATE[42S02]: Base table or view not found: 1146 Table 'DTR.AuthItem' doesn't exist. The SQL statement executed was: SELECT COUNT(*) FROM AuthItem.
in /var/www/DTR/protected/modules/rights/components/RInstaller.php (180)
in /var/www/DTR/protected/modules/rights/controllers/InstallController.php (43)
in /var/www/DTR/index.php (13)
2013/12/04 16:48:06 [error] [exception.CDbException] exception 'CDbException' with message 'Active record "User" is trying to select an invalid column "user.lastvisit_at". Note, the column must exist in the table or be an expression with alias.' in /var/www/yii/framework/db/ar/CActiveFinder.php:917
Stack trace:
#0 /var/www/yii/framework/db/ar/CActiveFinder.php(1208): CJoinElement->getColumnSelect(Array)
#1 /var/www/yii/framework/db/ar/CActiveFinder.php(418): CJoinQuery->__construct(Object(CJoinElement), Object(CDbCriteria))
#2 /var/www/yii/framework/db/ar/CActiveFinder.php(68): CJoinElement->find(Object(CDbCriteria))
#3 /var/www/yii/framework/db/ar/CActiveRecord.php(1302): CActiveFinder->query(Object(CDbCriteria), false)
#4 /var/www/yii/framework/db/ar/CActiveRecord.php(1465): CActiveRecord->query(Object(CDbCriteria))
#5 /var/www/DTR/protected/modules/user/components/UserIdentity.php(27): CActiveRecord->findByAttributes(Array)
#6 /var/www/DTR/protected/modules/user/models/UserLogin.php(52): UserIdentity->authenticate()
#7 /var/www/yii/framework/validators/CInlineValidator.php(42): UserLogin->authenticate('password', Array)
#8 /var/www/yii/framework/validators/CValidator.php(213): CInlineValidator->validateAttribute(Object(UserLogin), 'password')
#9 /var/www/yii/framework/base/CModel.php(159): CValidator->validate(Object(UserLogin), NULL)
#10 /var/www/DTR/protected/modules/user/controllers/LoginController.php(19): CModel->validate()
#11 /var/www/yii/framework/web/actions/CInlineAction.php(49): LoginController->actionLogin()
#12 /var/www/yii/framework/web/CController.php(308): CInlineAction->runWithParams(Array)
#13 /var/www/yii/framework/web/CController.php(286): CController->runAction(Object(CInlineAction))
#14 /var/www/yii/framework/web/CController.php(265): CController->runActionWithFilters(Object(CInlineAction), Array)
#15 /var/www/yii/framework/web/CWebApplication.php(282): CController->run('')
#16 /var/www/yii/framework/web/CWebApplication.php(141): CWebApplication->runController('user/login')
#17 /var/www/yii/framework/base/CApplication.php(169): CWebApplication->processRequest()
#18 /var/www/DTR/index.php(13): CApplication->run()
#19 {main}
REQUEST_URI=/DTR/index.php?r=user/login
HTTP_REFERER=http://localhost/DTR/index.php?r=user/login
---
2013/12/04 16:48:56 [error] [system.db.CDbCommand] CDbCommand::fetchColumn() failed: SQLSTATE[42S02]: Base table or view not found: 1146 Table 'DTR.AuthItem' doesn't exist. The SQL statement executed was: SELECT COUNT(*) FROM AuthItem.
in /var/www/DTR/protected/modules/rights/components/RInstaller.php (180)
in /var/www/DTR/protected/modules/rights/controllers/InstallController.php (43)
in /var/www/DTR/index.php (13)
2013/12/04 16:49:00 [error] [system.db.CDbCommand] CDbCommand::fetchAll() failed: SQLSTATE[42S02]: Base table or view not found: 1146 Table 'DTR.AuthAssignment' doesn't exist. The SQL statement executed was: SELECT *
FROM `AuthAssignment`
WHERE userid=:userid.
in /var/www/DTR/protected/modules/rights/components/RAuthorizer.php (341)
in /var/www/DTR/protected/modules/rights/components/RWebUser.php (21)
in /var/www/DTR/protected/modules/user/models/UserLogin.php (57)
2013/12/04 16:49:00 [error] [exception.CDbException] exception 'CDbException' with message 'CDbCommand failed to execute the SQL statement: SQLSTATE[42S02]: Base table or view not found: 1146 Table 'DTR.AuthAssignment' doesn't exist. The SQL statement executed was: SELECT *
FROM `AuthAssignment`
WHERE userid=:userid' in /var/www/yii/framework/db/CDbCommand.php:541
Stack trace:
#0 /var/www/yii/framework/db/CDbCommand.php(395): CDbCommand->queryInternal('fetchAll', Array, Array)
#1 /var/www/yii/framework/web/auth/CDbAuthManager.php(337): CDbCommand->queryAll()
#2 /var/www/DTR/protected/modules/rights/components/RAuthorizer.php(341): CDbAuthManager->getAuthAssignments('1')
#3 /var/www/DTR/protected/modules/rights/components/RWebUser.php(21): RAuthorizer->isSuperuser('1')
#4 /var/www/yii/framework/web/auth/CWebUser.php(238): RWebUser->afterLogin(false)
#5 /var/www/DTR/protected/modules/user/models/UserLogin.php(57): CWebUser->login(Object(UserIdentity), 0)
#6 /var/www/yii/framework/validators/CInlineValidator.php(42): UserLogin->authenticate('password', Array)
#7 /var/www/yii/framework/validators/CValidator.php(213): CInlineValidator->validateAttribute(Object(UserLogin), 'password')
#8 /var/www/yii/framework/base/CModel.php(159): CValidator->validate(Object(UserLogin), NULL)
#9 /var/www/DTR/protected/modules/user/controllers/LoginController.php(19): CModel->validate()
#10 /var/www/yii/framework/web/actions/CInlineAction.php(49): LoginController->actionLogin()
#11 /var/www/yii/framework/web/CController.php(308): CInlineAction->runWithParams(Array)
#12 /var/www/yii/framework/web/CController.php(286): CController->runAction(Object(CInlineAction))
#13 /var/www/yii/framework/web/CController.php(265): CController->runActionWithFilters(Object(CInlineAction), Array)
#14 /var/www/yii/framework/web/CWebApplication.php(282): CController->run('')
#15 /var/www/yii/framework/web/CWebApplication.php(141): CWebApplication->runController('user/login')
#16 /var/www/yii/framework/base/CApplication.php(169): CWebApplication->processRequest()
#17 /var/www/DTR/index.php(13): CApplication->run()
#18 {main}
REQUEST_URI=/DTR/index.php?r=user/login
HTTP_REFERER=http://localhost/DTR/index.php?r=user/login
---
2013/12/04 16:49:43 [error] [system.db.CDbCommand] CDbCommand::fetchAll() failed: SQLSTATE[42S02]: Base table or view not found: 1146 Table 'DTR.AuthAssignment' doesn't exist. The SQL statement executed was: SELECT *
FROM `AuthAssignment`
WHERE userid=:userid.
in /var/www/DTR/protected/modules/rights/components/RAuthorizer.php (341)
in /var/www/DTR/protected/modules/rights/components/RWebUser.php (21)
in /var/www/DTR/protected/models/LoginForm.php (71)
2013/12/04 16:49:43 [error] [exception.CDbException] exception 'CDbException' with message 'CDbCommand failed to execute the SQL statement: SQLSTATE[42S02]: Base table or view not found: 1146 Table 'DTR.AuthAssignment' doesn't exist. The SQL statement executed was: SELECT *
FROM `AuthAssignment`
WHERE userid=:userid' in /var/www/yii/framework/db/CDbCommand.php:541
Stack trace:
#0 /var/www/yii/framework/db/CDbCommand.php(395): CDbCommand->queryInternal('fetchAll', Array, Array)
#1 /var/www/yii/framework/web/auth/CDbAuthManager.php(337): CDbCommand->queryAll()
#2 /var/www/DTR/protected/modules/rights/components/RAuthorizer.php(341): CDbAuthManager->getAuthAssignments('1')
#3 /var/www/DTR/protected/modules/rights/components/RWebUser.php(21): RAuthorizer->isSuperuser('1')
#4 /var/www/yii/framework/web/auth/CWebUser.php(238): RWebUser->afterLogin(false)
#5 /var/www/DTR/protected/models/LoginForm.php(71): CWebUser->login(Object(UserIdentity), 0)
#6 /var/www/DTR/protected/controllers/SiteController.php(94): LoginForm->login()
#7 /var/www/yii/framework/web/actions/CInlineAction.php(49): SiteController->actionLogin()
#8 /var/www/yii/framework/web/CController.php(308): CInlineAction->runWithParams(Array)
#9 /var/www/yii/framework/web/CController.php(286): CController->runAction(Object(CInlineAction))
#10 /var/www/yii/framework/web/CController.php(265): CController->runActionWithFilters(Object(CInlineAction), Array)
#11 /var/www/yii/framework/web/CWebApplication.php(282): CController->run('login')
#12 /var/www/yii/framework/web/CWebApplication.php(141): CWebApplication->runController('site/login')
#13 /var/www/yii/framework/base/CApplication.php(169): CWebApplication->processRequest()
#14 /var/www/DTR/index.php(13): CApplication->run()
#15 {main}
REQUEST_URI=/DTR/index.php?r=site/login
HTTP_REFERER=http://localhost/DTR/index.php?r=site/login
---
2013/12/04 16:51:44 [error] [system.db.CDbCommand] CDbCommand::fetchAll() failed: SQLSTATE[42S02]: Base table or view not found: 1146 Table 'DTR.AuthAssignment' doesn't exist. The SQL statement executed was: SELECT *
FROM `AuthAssignment`
WHERE userid=:userid.
in /var/www/DTR/protected/modules/rights/components/RWebUser.php (43)
in /var/www/DTR/protected/views/layouts/main.php (43)
in /var/www/DTR/protected/views/layouts/column1.php (6)
2013/12/04 16:51:44 [error] [exception.CDbException] exception 'CDbException' with message 'CDbCommand failed to execute the SQL statement: SQLSTATE[42S02]: Base table or view not found: 1146 Table 'DTR.AuthAssignment' doesn't exist. The SQL statement executed was: SELECT *
FROM `AuthAssignment`
WHERE userid=:userid' in /var/www/yii/framework/db/CDbCommand.php:541
Stack trace:
#0 /var/www/yii/framework/db/CDbCommand.php(395): CDbCommand->queryInternal('fetchAll', Array, Array)
#1 /var/www/yii/framework/web/auth/CDbAuthManager.php(337): CDbCommand->queryAll()
#2 /var/www/yii/framework/web/auth/CDbAuthManager.php(74): CDbAuthManager->getAuthAssignments(NULL)
#3 /var/www/yii/framework/web/auth/CWebUser.php(806): CDbAuthManager->checkAccess('Admin', NULL, Array)
#4 /var/www/DTR/protected/modules/rights/components/RWebUser.php(43): CWebUser->checkAccess('Admin', Array, true)
#5 /var/www/DTR/protected/views/layouts/main.php(43): RWebUser->checkAccess('Admin')
#6 /var/www/yii/framework/web/CBaseController.php(126): require('/var/www/DTR/pr...')
#7 /var/www/yii/framework/web/CBaseController.php(95): CBaseController->renderInternal('/var/www/DTR/pr...', Array, true)
#8 /var/www/yii/framework/web/widgets/CContentDecorator.php(76): CBaseController->renderFile('/var/www/DTR/pr...', Array, true)
#9 /var/www/yii/framework/web/widgets/CContentDecorator.php(54): CContentDecorator->decorate('<div id="conten...')
#10 /var/www/yii/framework/web/widgets/COutputProcessor.php(44): CContentDecorator->processOutput('<div id="conten...')
#11 /var/www/yii/framework/web/CBaseController.php(206): COutputProcessor->run()
#12 /var/www/yii/framework/web/CBaseController.php(300): CBaseController->endWidget('CContentDecorat...')
#13 /var/www/DTR/protected/views/layouts/column1.php(6): CBaseController->endContent()
#14 /var/www/yii/framework/web/CBaseController.php(126): require('/var/www/DTR/pr...')
#15 /var/www/yii/framework/web/CBaseController.php(95): CBaseController->renderInternal('/var/www/DTR/pr...', Array, true)
#16 /var/www/yii/framework/web/CController.php(784): CBaseController->renderFile('/var/www/DTR/pr...', Array, true)
#17 /var/www/DTR/protected/controllers/SiteController.php(98): CController->render('login', Array)
#18 /var/www/yii/framework/web/actions/CInlineAction.php(49): SiteController->actionLogin()
#19 /var/www/yii/framework/web/CController.php(308): CInlineAction->runWithParams(Array)
#20 /var/www/yii/framework/web/CController.php(286): CController->runAction(Object(CInlineAction))
#21 /var/www/yii/framework/web/CController.php(265): CController->runActionWithFilters(Object(CInlineAction), Array)
#22 /var/www/yii/framework/web/CWebApplication.php(282): CController->run('login')
#23 /var/www/yii/framework/web/CWebApplication.php(141): CWebApplication->runController('site/login')
#24 /var/www/yii/framework/base/CApplication.php(169): CWebApplication->processRequest()
#25 /var/www/DTR/index.php(13): CApplication->run()
#26 {main}
REQUEST_URI=/DTR/index.php?r=site/login
HTTP_REFERER=http://localhost/DTR/index.php?r=site/login
---
2013/12/04 16:51:45 [error] [system.db.CDbCommand] CDbCommand::fetchAll() failed: SQLSTATE[42S02]: Base table or view not found: 1146 Table 'DTR.AuthAssignment' doesn't exist. The SQL statement executed was: SELECT *
FROM `AuthAssignment`
WHERE userid=:userid.
in /var/www/DTR/protected/modules/rights/components/RWebUser.php (43)
in /var/www/DTR/protected/views/layouts/main.php (43)
in /var/www/DTR/protected/views/layouts/column1.php (6)
2013/12/04 16:51:45 [error] [exception.CDbException] exception 'CDbException' with message 'CDbCommand failed to execute the SQL statement: SQLSTATE[42S02]: Base table or view not found: 1146 Table 'DTR.AuthAssignment' doesn't exist. The SQL statement executed was: SELECT *
FROM `AuthAssignment`
WHERE userid=:userid' in /var/www/yii/framework/db/CDbCommand.php:541
Stack trace:
#0 /var/www/yii/framework/db/CDbCommand.php(395): CDbCommand->queryInternal('fetchAll', Array, Array)
#1 /var/www/yii/framework/web/auth/CDbAuthManager.php(337): CDbCommand->queryAll()
#2 /var/www/yii/framework/web/auth/CDbAuthManager.php(74): CDbAuthManager->getAuthAssignments(NULL)
#3 /var/www/yii/framework/web/auth/CWebUser.php(806): CDbAuthManager->checkAccess('Admin', NULL, Array)
#4 /var/www/DTR/protected/modules/rights/components/RWebUser.php(43): CWebUser->checkAccess('Admin', Array, true)
#5 /var/www/DTR/protected/views/layouts/main.php(43): RWebUser->checkAccess('Admin')
#6 /var/www/yii/framework/web/CBaseController.php(126): require('/var/www/DTR/pr...')
#7 /var/www/yii/framework/web/CBaseController.php(95): CBaseController->renderInternal('/var/www/DTR/pr...', Array, true)
#8 /var/www/yii/framework/web/widgets/CContentDecorator.php(76): CBaseController->renderFile('/var/www/DTR/pr...', Array, true)
#9 /var/www/yii/framework/web/widgets/CContentDecorator.php(54): CContentDecorator->decorate('<div id="conten...')
#10 /var/www/yii/framework/web/widgets/COutputProcessor.php(44): CContentDecorator->processOutput('<div id="conten...')
#11 /var/www/yii/framework/web/CBaseController.php(206): COutputProcessor->run()
#12 /var/www/yii/framework/web/CBaseController.php(300): CBaseController->endWidget('CContentDecorat...')
#13 /var/www/DTR/protected/views/layouts/column1.php(6): CBaseController->endContent()
#14 /var/www/yii/framework/web/CBaseController.php(126): require('/var/www/DTR/pr...')
#15 /var/www/yii/framework/web/CBaseController.php(95): CBaseController->renderInternal('/var/www/DTR/pr...', Array, true)
#16 /var/www/yii/framework/web/CController.php(784): CBaseController->renderFile('/var/www/DTR/pr...', Array, true)
#17 /var/www/DTR/protected/controllers/SiteController.php(98): CController->render('login', Array)
#18 /var/www/yii/framework/web/actions/CInlineAction.php(49): SiteController->actionLogin()
#19 /var/www/yii/framework/web/CController.php(308): CInlineAction->runWithParams(Array)
#20 /var/www/yii/framework/web/CController.php(286): CController->runAction(Object(CInlineAction))
#21 /var/www/yii/framework/web/CController.php(265): CController->runActionWithFilters(Object(CInlineAction), Array)
#22 /var/www/yii/framework/web/CWebApplication.php(282): CController->run('login')
#23 /var/www/yii/framework/web/CWebApplication.php(141): CWebApplication->runController('site/login')
#24 /var/www/yii/framework/base/CApplication.php(169): CWebApplication->processRequest()
#25 /var/www/DTR/index.php(13): CApplication->run()
#26 {main}
REQUEST_URI=/DTR/index.php?r=site/login
HTTP_REFERER=http://localhost/DTR/index.php?r=site/login
---
2013/12/04 16:54:47 [error] [exception.CHttpException.403] exception 'CHttpException' with message 'There must be at least one superuser!' in /var/www/DTR/protected/modules/rights/components/RAuthorizer.php:305
Stack trace:
#0 /var/www/DTR/protected/modules/rights/controllers/InstallController.php(61): RAuthorizer->getSuperusers()
#1 /var/www/yii/framework/web/CController.php(1144): InstallController->accessRules()
#2 /var/www/yii/framework/web/filters/CInlineFilter.php(58): CController->filterAccessControl(Object(CFilterChain))
#3 /var/www/yii/framework/web/filters/CFilterChain.php(130): CInlineFilter->filter(Object(CFilterChain))
#4 /var/www/yii/framework/web/CController.php(291): CFilterChain->run()
#5 /var/www/yii/framework/web/CController.php(265): CController->runActionWithFilters(Object(CInlineAction), Array)
#6 /var/www/yii/framework/web/CWebApplication.php(282): CController->run('')
#7 /var/www/yii/framework/web/CWebApplication.php(141): CWebApplication->runController('rights/install')
#8 /var/www/yii/framework/base/CApplication.php(169): CWebApplication->processRequest()
#9 /var/www/DTR/index.php(13): CApplication->run()
#10 {main}
REQUEST_URI=/DTR/index.php?r=rights/install
---
2013/12/04 17:03:09 [error] [exception.CHttpException.403] exception 'CHttpException' with message 'There must be at least one superuser!' in /var/www/DTR/protected/modules/rights/components/RAuthorizer.php:305
Stack trace:
#0 /var/www/DTR/protected/modules/rights/controllers/AssignmentController.php(51): RAuthorizer->getSuperusers()
#1 /var/www/yii/framework/web/CController.php(1144): AssignmentController->accessRules()
#2 /var/www/yii/framework/web/filters/CInlineFilter.php(58): CController->filterAccessControl(Object(CFilterChain))
#3 /var/www/yii/framework/web/filters/CFilterChain.php(130): CInlineFilter->filter(Object(CFilterChain))
#4 /var/www/yii/framework/web/CController.php(291): CFilterChain->run()
#5 /var/www/yii/framework/web/CController.php(265): CController->runActionWithFilters(Object(CInlineAction), Array)
#6 /var/www/yii/framework/web/CWebApplication.php(282): CController->run('')
#7 /var/www/yii/framework/web/CWebApplication.php(141): CWebApplication->runController('rights/')
#8 /var/www/yii/framework/base/CApplication.php(169): CWebApplication->processRequest()
#9 /var/www/DTR/index.php(13): CApplication->run()
#10 {main}
REQUEST_URI=/DTR/index.php?r=rights/
---
2013/12/04 17:06:47 [error] [system.db.CDbCommand] CDbCommand::fetchColumn() failed: SQLSTATE[42S02]: Base table or view not found: 1146 Table 'DTR.AuthItem' doesn't exist. The SQL statement executed was: SELECT COUNT(*) FROM AuthItem.
in /var/www/DTR/protected/modules/rights/components/RInstaller.php (180)
in /var/www/DTR/protected/modules/rights/controllers/InstallController.php (43)
in /var/www/DTR/index.php (13)
2013/12/05 10:05:45 [error] [exception.CException] exception 'CException' with message 'CActiveForm and its behaviors do not have a method or closure named "timepickerRow".' in /var/www/yii/framework/base/CComponent.php:265
Stack trace:
#0 /var/www/DTR/protected/views/schedule/_form.php(22): CComponent->__call('timepickerRow', Array)
#1 /var/www/DTR/protected/views/schedule/_form.php(22): CActiveForm->timepickerRow(Object(Schedule), 'checkin', Array)
#2 /var/www/yii/framework/web/CBaseController.php(126): require('/var/www/DTR/pr...')
#3 /var/www/yii/framework/web/CBaseController.php(95): CBaseController->renderInternal('/var/www/DTR/pr...', Array, true)
#4 /var/www/yii/framework/web/CController.php(869): CBaseController->renderFile('/var/www/DTR/pr...', Array, true)
#5 /var/www/DTR/protected/views/schedule/create.php(18): CController->renderPartial('_form', Array)
#6 /var/www/yii/framework/web/CBaseController.php(126): require('/var/www/DTR/pr...')
#7 /var/www/yii/framework/web/CBaseController.php(95): CBaseController->renderInternal('/var/www/DTR/pr...', Array, true)
#8 /var/www/yii/framework/web/CController.php(869): CBaseController->renderFile('/var/www/DTR/pr...', Array, true)
#9 /var/www/yii/framework/web/CController.php(782): CController->renderPartial('create', Array, true)
#10 /var/www/DTR/protected/controllers/ScheduleController.php(79): CController->render('create', Array)
#11 /var/www/yii/framework/web/actions/CInlineAction.php(49): ScheduleController->actionCreate()
#12 /var/www/yii/framework/web/CController.php(308): CInlineAction->runWithParams(Array)
#13 /var/www/yii/framework/web/filters/CFilterChain.php(133): CController->runAction(Object(CInlineAction))
#14 /var/www/yii/framework/web/filters/CFilter.php(40): CFilterChain->run()
#15 /var/www/yii/framework/web/CController.php(1145): CFilter->filter(Object(CFilterChain))
#16 /var/www/yii/framework/web/filters/CInlineFilter.php(58): CController->filterAccessControl(Object(CFilterChain))
#17 /var/www/yii/framework/web/filters/CFilterChain.php(130): CInlineFilter->filter(Object(CFilterChain))
#18 /var/www/yii/framework/web/CController.php(291): CFilterChain->run()
#19 /var/www/yii/framework/web/CController.php(265): CController->runActionWithFilters(Object(CInlineAction), Array)
#20 /var/www/yii/framework/web/CWebApplication.php(282): CController->run('create')
#21 /var/www/yii/framework/web/CWebApplication.php(141): CWebApplication->runController('schedule/create')
#22 /var/www/yii/framework/base/CApplication.php(169): CWebApplication->processRequest()
#23 /var/www/DTR/index.php(13): CApplication->run()
#24 {main}
REQUEST_URI=/DTR/index.php?r=schedule/create
HTTP_REFERER=http://localhost/DTR/index.php?r=user/login
---
2013/12/05 10:08:48 [error] [exception.CException] exception 'CException' with message 'Property "Schedule.hours" is not defined.' in /var/www/yii/framework/base/CComponent.php:130
Stack trace:
#0 /var/www/yii/framework/db/ar/CActiveRecord.php(143): CComponent->__get('hours')
#1 /var/www/yii/framework/web/helpers/CHtml.php(2255): CActiveRecord->__get('hours')
#2 /var/www/yii/framework/web/helpers/CHtml.php(1980): CHtml::resolveValue(Object(Schedule), 'hours')
#3 /var/www/yii/framework/web/helpers/CHtml.php(1257): CHtml::activeInputField('text', Object(Schedule), 'hours', Array)
#4 /var/www/DTR/protected/extensions/bootstrap/widgets/TbTimePicker.php(98): CHtml::activeTextField(Object(Schedule), 'hours', Array)
#5 /var/www/yii/framework/web/CBaseController.php(173): TbTimePicker->run()
#6 /var/www/DTR/protected/views/schedule/_form.php(32): CBaseController->widget('bootstrap.widge...', Array)
#7 /var/www/yii/framework/web/CBaseController.php(126): require('/var/www/DTR/pr...')
#8 /var/www/yii/framework/web/CBaseController.php(95): CBaseController->renderInternal('/var/www/DTR/pr...', Array, true)
#9 /var/www/yii/framework/web/CController.php(869): CBaseController->renderFile('/var/www/DTR/pr...', Array, true)
#10 /var/www/DTR/protected/views/schedule/create.php(18): CController->renderPartial('_form', Array)
#11 /var/www/yii/framework/web/CBaseController.php(126): require('/var/www/DTR/pr...')
#12 /var/www/yii/framework/web/CBaseController.php(95): CBaseController->renderInternal('/var/www/DTR/pr...', Array, true)
#13 /var/www/yii/framework/web/CController.php(869): CBaseController->renderFile('/var/www/DTR/pr...', Array, true)
#14 /var/www/yii/framework/web/CController.php(782): CController->renderPartial('create', Array, true)
#15 /var/www/DTR/protected/controllers/ScheduleController.php(79): CController->render('create', Array)
#16 /var/www/yii/framework/web/actions/CInlineAction.php(49): ScheduleController->actionCreate()
#17 /var/www/yii/framework/web/CController.php(308): CInlineAction->runWithParams(Array)
#18 /var/www/yii/framework/web/filters/CFilterChain.php(133): CController->runAction(Object(CInlineAction))
#19 /var/www/yii/framework/web/filters/CFilter.php(40): CFilterChain->run()
#20 /var/www/yii/framework/web/CController.php(1145): CFilter->filter(Object(CFilterChain))
#21 /var/www/yii/framework/web/filters/CInlineFilter.php(58): CController->filterAccessControl(Object(CFilterChain))
#22 /var/www/yii/framework/web/filters/CFilterChain.php(130): CInlineFilter->filter(Object(CFilterChain))
#23 /var/www/yii/framework/web/CController.php(291): CFilterChain->run()
#24 /var/www/yii/framework/web/CController.php(265): CController->runActionWithFilters(Object(CInlineAction), Array)
#25 /var/www/yii/framework/web/CWebApplication.php(282): CController->run('create')
#26 /var/www/yii/framework/web/CWebApplication.php(141): CWebApplication->runController('schedule/create')
#27 /var/www/yii/framework/base/CApplication.php(169): CWebApplication->processRequest()
#28 /var/www/DTR/index.php(13): CApplication->run()
#29 {main}
REQUEST_URI=/DTR/index.php?r=schedule/create
HTTP_REFERER=http://localhost/DTR/index.php?r=user/login
---
